This is pdfTeX, Version 3.141592653-2.6-1.40.26 (MiKTeX 24.4) (preloaded format=pdflatex 2025.2.13)  16 FEB 2025 18:05
entering extended mode
 restricted \write18 enabled.
 file:line:error style messages enabled.
 %&-line parsing enabled.
**d:/cosas/TPFinal-Concurrente/Latex/TrabajoFinal.tex
(d:/cosas/TPFinal-Concurrente/Latex/TrabajoFinal.tex
LaTeX2e <2024-11-01> patch level 2
L3 programming layer <2025-01-18>
(D:\MIKTEX\tex/latex/base\article.cls
Document Class: article 2024/06/29 v1.4n Standard LaTeX document class
(D:\MIKTEX\tex/latex/base\size12.clo
File: size12.clo 2024/06/29 v1.4n Standard LaTeX file (size option)
)
\c@part=\count196
\c@section=\count197
\c@subsection=\count198
\c@subsubsection=\count199
\c@paragraph=\count266
\c@subparagraph=\count267
\c@figure=\count268
\c@table=\count269
\abovecaptionskip=\skip49
\belowcaptionskip=\skip50
\bibindent=\dimen141
) (D:\MIKTEX\tex/latex/xcolor\xcolor.sty
Package: xcolor 2024/09/29 v3.02 LaTeX color extensions (UK)
 (D:\MIKTEX\tex/latex/graphics-cfg\color.cfg
File: color.cfg 2016/01/02 v1.6 sample color configuration
)
Package xcolor Info: Driver file: pdftex.def on input line 274.
 (D:\MIKTEX\tex/latex/graphics-def\pdftex.def
File: pdftex.def 2024/04/13 v1.2c Graphics/color driver for pdftex
) (D:\MIKTEX\tex/latex/graphics\mathcolor.ltx)
Package xcolor Info: Model `cmy' substituted by `cmy0' on input line 1349.
Package xcolor Info: Model `hsb' substituted by `rgb' on input line 1353.
Package xcolor Info: Model `RGB' extended on input line 1365.
Package xcolor Info: Model `HTML' substituted by `rgb' on input line 1367.
Package xcolor Info: Model `Hsb' substituted by `hsb' on input line 1368.
Package xcolor Info: Model `tHsb' substituted by `hsb' on input line 1369.
Package xcolor Info: Model `HSB' substituted by `hsb' on input line 1370.
Package xcolor Info: Model `Gray' substituted by `gray' on input line 1371.
Package xcolor Info: Model `wave' substituted by `hsb' on input line 1372.
) (D:\MIKTEX\tex/latex/colortbl\colortbl.sty
Package: colortbl 2024/07/06 v1.0i Color table columns (DPC)
 (D:\MIKTEX\tex/latex/tools\array.sty
Package: array 2024/10/17 v2.6g Tabular extension package (FMi)
\col@sep=\dimen142
\ar@mcellbox=\box52
\extrarowheight=\dimen143
\NC@list=\toks17
\extratabsurround=\skip51
\backup@length=\skip52
\ar@cellbox=\box53
)
\everycr=\toks18
\minrowclearance=\skip53
\rownum=\count270
) (D:\MIKTEX\tex/latex/graphics\graphicx.sty
Package: graphicx 2021/09/16 v1.2d Enhanced LaTeX Graphics (DPC,SPQR)
 (D:\MIKTEX\tex/latex/graphics\keyval.sty
Package: keyval 2022/05/29 v1.15 key=value parser (DPC)
\KV@toks@=\toks19
) (D:\MIKTEX\tex/latex/graphics\graphics.sty
Package: graphics 2024/08/06 v1.4g Standard LaTeX Graphics (DPC,SPQR)
 (D:\MIKTEX\tex/latex/graphics\trig.sty
Package: trig 2023/12/02 v1.11 sin cos tan (DPC)
) (D:\MIKTEX\tex/latex/graphics-cfg\graphics.cfg
File: graphics.cfg 2016/06/04 v1.11 sample graphics configuration
)
Package graphics Info: Driver file: pdftex.def on input line 106.
)
\Gin@req@height=\dimen144
\Gin@req@width=\dimen145
) (D:\MIKTEX\tex/latex/amsmath\amsmath.sty
Package: amsmath 2024/11/05 v2.17t AMS math features
\@mathmargin=\skip54

For additional information on amsmath, use the `?' option.
(D:\MIKTEX\tex/latex/amsmath\amstext.sty
Package: amstext 2021/08/26 v2.01 AMS text
 (D:\MIKTEX\tex/latex/amsmath\amsgen.sty
File: amsgen.sty 1999/11/30 v2.0 generic functions
\@emptytoks=\toks20
\ex@=\dimen146
)) (D:\MIKTEX\tex/latex/amsmath\amsbsy.sty
Package: amsbsy 1999/11/29 v1.2d Bold Symbols
\pmbraise@=\dimen147
) (D:\MIKTEX\tex/latex/amsmath\amsopn.sty
Package: amsopn 2022/04/08 v2.04 operator names
)
\inf@bad=\count271
LaTeX Info: Redefining \frac on input line 233.
\uproot@=\count272
\leftroot@=\count273
LaTeX Info: Redefining \overline on input line 398.
LaTeX Info: Redefining \colon on input line 409.
\classnum@=\count274
\DOTSCASE@=\count275
LaTeX Info: Redefining \ldots on input line 495.
LaTeX Info: Redefining \dots on input line 498.
LaTeX Info: Redefining \cdots on input line 619.
\Mathstrutbox@=\box54
\strutbox@=\box55
LaTeX Info: Redefining \big on input line 721.
LaTeX Info: Redefining \Big on input line 722.
LaTeX Info: Redefining \bigg on input line 723.
LaTeX Info: Redefining \Bigg on input line 724.
\big@size=\dimen148
LaTeX Font Info:    Redeclaring font encoding OML on input line 742.
LaTeX Font Info:    Redeclaring font encoding OMS on input line 743.
\macc@depth=\count276
LaTeX Info: Redefining \bmod on input line 904.
LaTeX Info: Redefining \pmod on input line 909.
LaTeX Info: Redefining \smash on input line 939.
LaTeX Info: Redefining \relbar on input line 969.
LaTeX Info: Redefining \Relbar on input line 970.
\c@MaxMatrixCols=\count277
\dotsspace@=\muskip17
\c@parentequation=\count278
\dspbrk@lvl=\count279
\tag@help=\toks21
\row@=\count280
\column@=\count281
\maxfields@=\count282
\andhelp@=\toks22
\eqnshift@=\dimen149
\alignsep@=\dimen150
\tagshift@=\dimen151
\tagwidth@=\dimen152
\totwidth@=\dimen153
\lineht@=\dimen154
\@envbody=\toks23
\multlinegap=\skip55
\multlinetaggap=\skip56
\mathdisplay@stack=\toks24
LaTeX Info: Redefining \[ on input line 2953.
LaTeX Info: Redefining \] on input line 2954.
) (D:\MIKTEX\tex/latex/geometry\geometry.sty
Package: geometry 2020/01/02 v5.9 Page Geometry
 (D:\MIKTEX\tex/generic/iftex\ifvtex.sty
Package: ifvtex 2019/10/25 v1.7 ifvtex legacy package. Use iftex instead.
 (D:\MIKTEX\tex/generic/iftex\iftex.sty
Package: iftex 2024/12/12 v1.0g TeX engine tests
))
\Gm@cnth=\count283
\Gm@cntv=\count284
\c@Gm@tempcnt=\count285
\Gm@bindingoffset=\dimen155
\Gm@wd@mp=\dimen156
\Gm@odd@mp=\dimen157
\Gm@even@mp=\dimen158
\Gm@layoutwidth=\dimen159
\Gm@layoutheight=\dimen160
\Gm@layouthoffset=\dimen161
\Gm@layoutvoffset=\dimen162
\Gm@dimlist=\toks25
 (D:\MIKTEX\tex/latex/geometry\geometry.cfg)) (D:\MIKTEX\tex/latex/tools\tabularx.sty
Package: tabularx 2023/12/11 v2.12a `tabularx' package (DPC)
\TX@col@width=\dimen163
\TX@old@table=\dimen164
\TX@old@col=\dimen165
\TX@target=\dimen166
\TX@delta=\dimen167
\TX@cols=\count286
\TX@ftn=\toks26
) (D:\MIKTEX\tex/latex/float\float.sty
Package: float 2001/11/08 v1.3d Float enhancements (AL)
\c@float@type=\count287
\float@exts=\toks27
\float@box=\box56
\@float@everytoks=\toks28
\@floatcapt=\box57
) (D:\MIKTEX\tex/latex/hyperref\hyperref.sty
Package: hyperref 2024-11-05 v7.01l Hypertext links for LaTeX
 (D:\MIKTEX\tex/latex/kvsetkeys\kvsetkeys.sty
Package: kvsetkeys 2022-10-05 v1.19 Key value parser (HO)
) (D:\MIKTEX\tex/generic/kvdefinekeys\kvdefinekeys.sty
Package: kvdefinekeys 2019-12-19 v1.6 Define keys (HO)
) (D:\MIKTEX\tex/generic/pdfescape\pdfescape.sty
Package: pdfescape 2019/12/09 v1.15 Implements pdfTeX's escape features (HO)
 (D:\MIKTEX\tex/generic/ltxcmds\ltxcmds.sty
Package: ltxcmds 2023-12-04 v1.26 LaTeX kernel commands for general use (HO)
) (D:\MIKTEX\tex/generic/pdftexcmds\pdftexcmds.sty
Package: pdftexcmds 2020-06-27 v0.33 Utility functions of pdfTeX for LuaTeX (HO)
 (D:\MIKTEX\tex/generic/infwarerr\infwarerr.sty
Package: infwarerr 2019/12/03 v1.5 Providing info/warning/error messages (HO)
)
Package pdftexcmds Info: \pdf@primitive is available.
Package pdftexcmds Info: \pdf@ifprimitive is available.
Package pdftexcmds Info: \pdfdraftmode found.
)) (D:\MIKTEX\tex/latex/hycolor\hycolor.sty
Package: hycolor 2020-01-27 v1.10 Color options for hyperref/bookmark (HO)
) (D:\MIKTEX\tex/latex/hyperref\nameref.sty
Package: nameref 2023-11-26 v2.56 Cross-referencing by name of section
 (D:\MIKTEX\tex/latex/refcount\refcount.sty
Package: refcount 2019/12/15 v3.6 Data extraction from label references (HO)
) (D:\MIKTEX\tex/generic/gettitlestring\gettitlestring.sty
Package: gettitlestring 2019/12/15 v1.6 Cleanup title references (HO)
 (D:\MIKTEX\tex/latex/kvoptions\kvoptions.sty
Package: kvoptions 2022-06-15 v3.15 Key value format for package options (HO)
))
\c@section@level=\count288
) (D:\MIKTEX\tex/latex/etoolbox\etoolbox.sty
Package: etoolbox 2020/10/05 v2.5k e-TeX tools for LaTeX (JAW)
\etb@tempcnta=\count289
) (D:\MIKTEX\tex/generic/stringenc\stringenc.sty
Package: stringenc 2019/11/29 v1.12 Convert strings between diff. encodings (HO)
)
\@linkdim=\dimen168
\Hy@linkcounter=\count290
\Hy@pagecounter=\count291
 (D:\MIKTEX\tex/latex/hyperref\pd1enc.def
File: pd1enc.def 2024-11-05 v7.01l Hyperref: PDFDocEncoding definition (HO)
Now handling font encoding PD1 ...
... no UTF-8 mapping file for font encoding PD1
) (D:\MIKTEX\tex/generic/intcalc\intcalc.sty
Package: intcalc 2019/12/15 v1.3 Expandable calculations with integers (HO)
)
\Hy@SavedSpaceFactor=\count292
 (D:\MIKTEX\tex/latex/hyperref\puenc.def
File: puenc.def 2024-11-05 v7.01l Hyperref: PDF Unicode definition (HO)
Now handling font encoding PU ...
... no UTF-8 mapping file for font encoding PU
)
Package hyperref Info: Hyper figures OFF on input line 4157.
Package hyperref Info: Link nesting OFF on input line 4162.
Package hyperref Info: Hyper index ON on input line 4165.
Package hyperref Info: Plain pages OFF on input line 4172.
Package hyperref Info: Backreferencing OFF on input line 4177.
Package hyperref Info: Implicit mode ON; LaTeX internals redefined.
Package hyperref Info: Bookmarks ON on input line 4424.
\c@Hy@tempcnt=\count293
 (D:\MIKTEX\tex/latex/url\url.sty
\Urlmuskip=\muskip18
Package: url 2013/09/16  ver 3.4  Verb mode for urls, etc.
)
LaTeX Info: Redefining \url on input line 4763.
\XeTeXLinkMargin=\dimen169
 (D:\MIKTEX\tex/generic/bitset\bitset.sty
Package: bitset 2019/12/09 v1.3 Handle bit-vector datatype (HO)
 (D:\MIKTEX\tex/generic/bigintcalc\bigintcalc.sty
Package: bigintcalc 2019/12/15 v1.5 Expandable calculations on big integers (HO)
))
\Fld@menulength=\count294
\Field@Width=\dimen170
\Fld@charsize=\dimen171
Package hyperref Info: Hyper figures OFF on input line 6042.
Package hyperref Info: Link nesting OFF on input line 6047.
Package hyperref Info: Hyper index ON on input line 6050.
Package hyperref Info: backreferencing OFF on input line 6057.
Package hyperref Info: Link coloring OFF on input line 6062.
Package hyperref Info: Link coloring with OCG OFF on input line 6067.
Package hyperref Info: PDF/A mode OFF on input line 6072.
 (D:\MIKTEX\tex/latex/base\atbegshi-ltx.sty
Package: atbegshi-ltx 2021/01/10 v1.0c Emulation of the original atbegshi
package with kernel methods
)
\Hy@abspage=\count295
\c@Item=\count296
\c@Hfootnote=\count297
)
Package hyperref Info: Driver (autodetected): hpdftex.
 (D:\MIKTEX\tex/latex/hyperref\hpdftex.def
File: hpdftex.def 2024-11-05 v7.01l Hyperref driver for pdfTeX
 (D:\MIKTEX\tex/latex/base\atveryend-ltx.sty
Package: atveryend-ltx 2020/08/19 v1.0a Emulation of the original atveryend package
with kernel methods
)
\Fld@listcount=\count298
\c@bookmark@seq@number=\count299
 (D:\MIKTEX\tex/latex/rerunfilecheck\rerunfilecheck.sty
Package: rerunfilecheck 2022-07-10 v1.10 Rerun checks for auxiliary files (HO)
 (D:\MIKTEX\tex/generic/uniquecounter\uniquecounter.sty
Package: uniquecounter 2019/12/15 v1.4 Provide unlimited unique counter (HO)
)
Package uniquecounter Info: New unique counter `rerunfilecheck' on input line 285.
)
\Hy@SectionHShift=\skip57
) (D:\MIKTEX\tex/latex/l3backend\l3backend-pdftex.def
File: l3backend-pdftex.def 2024-05-08 L3 backend support: PDF output (pdfTeX)
\l__color_backend_stack_int=\count300
\l__pdf_internal_box=\box58
) (TrabajoFinal.aux)
\openout1 = `TrabajoFinal.aux'.

LaTeX Font Info:    Checking defaults for OML/cmm/m/it on input line 12.
LaTeX Font Info:    ... okay on input line 12.
LaTeX Font Info:    Checking defaults for OMS/cmsy/m/n on input line 12.
LaTeX Font Info:    ... okay on input line 12.
LaTeX Font Info:    Checking defaults for OT1/cmr/m/n on input line 12.
LaTeX Font Info:    ... okay on input line 12.
LaTeX Font Info:    Checking defaults for T1/cmr/m/n on input line 12.
LaTeX Font Info:    ... okay on input line 12.
LaTeX Font Info:    Checking defaults for TS1/cmr/m/n on input line 12.
LaTeX Font Info:    ... okay on input line 12.
LaTeX Font Info:    Checking defaults for OMX/cmex/m/n on input line 12.
LaTeX Font Info:    ... okay on input line 12.
LaTeX Font Info:    Checking defaults for U/cmr/m/n on input line 12.
LaTeX Font Info:    ... okay on input line 12.
LaTeX Font Info:    Checking defaults for PD1/pdf/m/n on input line 12.
LaTeX Font Info:    ... okay on input line 12.
LaTeX Font Info:    Checking defaults for PU/pdf/m/n on input line 12.
LaTeX Font Info:    ... okay on input line 12.
 (D:\MIKTEX\tex/context/base/mkii\supp-pdf.mkii
[Loading MPS to PDF converter (version 2006.09.02).]
\scratchcounter=\count301
\scratchdimen=\dimen172
\scratchbox=\box59
\nofMPsegments=\count302
\nofMParguments=\count303
\everyMPshowfont=\toks29
\MPscratchCnt=\count304
\MPscratchDim=\dimen173
\MPnumerator=\count305
\makeMPintoPDFobject=\count306
\everyMPtoPDFconversion=\toks30
) (D:\MIKTEX\tex/latex/epstopdf-pkg\epstopdf-base.sty
Package: epstopdf-base 2020-01-24 v2.11 Base part for package epstopdf
Package epstopdf-base Info: Redefining graphics rule for `.eps' on input line 485.
 (D:\MIKTEX\tex/latex/00miktex\epstopdf-sys.cfg
File: epstopdf-sys.cfg 2021/03/18 v2.0 Configuration of epstopdf for MiKTeX
))
*geometry* driver: auto-detecting
*geometry* detected driver: pdftex
*geometry* verbose mode - [ preamble ] result:
* driver: pdftex
* paper: a4paper
* layout: <same size as paper>
* layoutoffset:(h,v)=(0.0pt,0.0pt)
* modes: 
* h-part:(L,W,R)=(72.26999pt, 452.9679pt, 72.26999pt)
* v-part:(T,H,B)=(72.26999pt, 700.50687pt, 72.26999pt)
* \paperwidth=597.50787pt
* \paperheight=845.04684pt
* \textwidth=452.9679pt
* \textheight=700.50687pt
* \oddsidemargin=0.0pt
* \evensidemargin=0.0pt
* \topmargin=-37.0pt
* \headheight=12.0pt
* \headsep=25.0pt
* \topskip=12.0pt
* \footskip=30.0pt
* \marginparwidth=44.0pt
* \marginparsep=10.0pt
* \columnsep=10.0pt
* \skip\footins=10.8pt plus 4.0pt minus 2.0pt
* \hoffset=0.0pt
* \voffset=0.0pt
* \mag=1000
* \@twocolumnfalse
* \@twosidefalse
* \@mparswitchfalse
* \@reversemarginfalse
* (1in=72.27pt=25.4mm, 1cm=28.453pt)

Package hyperref Info: Link coloring OFF on input line 12.
(TrabajoFinal.out) (TrabajoFinal.out)
\@outlinefile=\write3
\openout3 = `TrabajoFinal.out'.

<Logo-UNC.jpg, id=203, 455.7025pt x 465.74pt>
File: Logo-UNC.jpg Graphic file (type jpg)
<use Logo-UNC.jpg>
Package pdftex.def Info: Logo-UNC.jpg  used on input line 20.
(pdftex.def)             Requested size: 135.89174pt x 138.88449pt.


[1

{C:/Users/agutr/AppData/Local/MiKTeX/fonts/map/pdftex/pdftex.map} <./Logo-UNC.jpg>] (TrabajoFinal.toc


pdfTeX warning (ext4): destination with the same identifier (name{page.1}) has been already used, duplicate ignored
<to be read again> 
                   \relax 
l.37 ...texttt {Logger}}{18}{subsubsection.13.4.1}
                                                  % [1])
\tf@toc=\write4
\openout4 = `TrabajoFinal.toc'.



[2]

[3]
<Petri-Net.png, id=277, 1754.555pt x 736.7525pt>
File: Petri-Net.png Graphic file (type png)
<use Petri-Net.png>
Package pdftex.def Info: Petri-Net.png  used on input line 55.
(pdftex.def)             Requested size: 407.66833pt x 171.18076pt.
<Petri-Net-State.png, id=279, 270.00874pt x 181.67876pt>
File: Petri-Net-State.png Graphic file (type png)
<use Petri-Net-State.png>
Package pdftex.def Info: Petri-Net-State.png  used on input line 65.
(pdftex.def)             Requested size: 181.18439pt x 121.9154pt.


[4 <./Petri-Net.png> <./Petri-Net-State.png>]

[5]
<T-invariants.png, id=290, 633.36626pt x 186.6975pt>
File: T-invariants.png Graphic file (type png)
<use T-invariants.png>
Package pdftex.def Info: T-invariants.png  used on input line 93.
(pdftex.def)             Requested size: 362.37569pt x 106.82034pt.
<P-invariants.png, id=291, 868.24374pt x 266.9975pt>
File: P-invariants.png Graphic file (type png)
<use P-invariants.png>
Package pdftex.def Info: P-invariants.png  used on input line 102.
(pdftex.def)             Requested size: 362.37569pt x 111.43744pt.


[6 <./T-invariants.png> <./P-invariants.png>]
Overfull \hbox (22.62521pt too wide) detected at line 119
\OML/cmm/m/it/12 M\OT1/cmr/m/n/12 [\OML/cmm/m/it/12 P\OT1/cmr/m/n/12 0] + \OML/cmm/m/it/12 M\OT1/cmr/m/n/12 [\OML/cmm/m/it/12 P\OT1/cmr/m/n/12 11] + \OML/cmm/m/it/12 M\OT1/cmr/m/n/12 [\OML/cmm/m/it/12 P\OT1/cmr/m/n/12 12] + \OML/cmm/m/it/12 M\OT1/cmr/m/n/12 [\OML/cmm/m/it/12 P\OT1/cmr/m/n/12 13] + \OML/cmm/m/it/12 M\OT1/cmr/m/n/12 [\OML/cmm/m/it/12 P\OT1/cmr/m/n/12 14] + \OML/cmm/m/it/12 M\OT1/cmr/m/n/12 [\OML/cmm/m/it/12 P\OT1/cmr/m/n/12 21] + \OML/cmm/m/it/12 M\OT1/cmr/m/n/12 [\OML/cmm/m/it/12 P\OT1/cmr/m/n/12 3] + \OML/cmm/m/it/12 M\OT1/cmr/m/n/12 [\OML/cmm/m/it/12 P\OT1/cmr/m/n/12 5] + \OML/cmm/m/it/12 M\OT1/cmr/m/n/12 [\OML/cmm/m/it/12 P\OT1/cmr/m/n/12 8] + \OML/cmm/m/it/12 M\OT1/cmr/m/n/12 [\OML/cmm/m/it/12 P\OT1/cmr/m/n/12 9] = 5
 []



[7]

[8]
LaTeX Font Info:    Trying to load font information for OMS+cmr on input line 234.
 (D:\MIKTEX\tex/latex/base\omscmr.fd
File: omscmr.fd 2024/11/19 v2.5n Standard LaTeX font definitions
)
LaTeX Font Info:    Font shape `OMS/cmr/bx/n' in size <12> not available
(Font)              Font shape `OMS/cmsy/b/n' tried instead on input line 234.

Overfull \hbox (11.39995pt too wide) in paragraph at lines 249--249
[]\OT1/cmr/bx/n/14.4 Construcci^^Son del Con-junto de Es-ta-dos del Con-junto de Plazas
 []



[9]

[10]
<Petri-Net-Final.jpeg, id=334, 1606.0pt x 677.53125pt>
File: Petri-Net-Final.jpeg Graphic file (type jpg)
<use Petri-Net-Final.jpeg>
Package pdftex.def Info: Petri-Net-Final.jpeg  used on input line 279.
(pdftex.def)             Requested size: 407.66833pt x 171.98764pt.


[11 <./Petri-Net-Final.jpeg>]
LaTeX Font Info:    Font shape `OT1/cmtt/bx/n' in size <14.4> not available
(Font)              Font shape `OT1/cmtt/m/n' tried instead on input line 325.
LaTeX Font Info:    Font shape `OT1/cmtt/bx/n' in size <12> not available
(Font)              Font shape `OT1/cmtt/m/n' tried instead on input line 329.


[12]
Overfull \hbox (44.93913pt too wide) in paragraph at lines 334--335
[]\OT1/cmr/bx/n/12 Sincronizaci^^Son: \OT1/cmr/m/n/12 Uti-liza un blo-queo global (pro-por-cionado por \OT1/cmtt/m/n/12 TransitionNotifier.lock\OT1/cmr/m/n/12 )
 []


Overfull \hbox (3.18343pt too wide) in paragraph at lines 350--351
[]\OT1/cmr/bx/n/12 Verificaci^^Son de ha-bil-itaci^^Son: \OT1/cmr/m/n/12 El m^^Setodo \OT1/cmtt/m/n/12 isEnabled(Places places) \OT1/cmr/m/n/12 com-prueba
 []



[13]
Overfull \hbox (10.8549pt too wide) in paragraph at lines 361--362
[]\OT1/cmr/bx/n/12 Comprobaci^^Son de ha-bil-itaci^^Son: \OT1/cmr/m/n/12 El m^^Setodo \OT1/cmtt/m/n/12 hasEnabledAndAllowedTransition()
 []



[14]
Overfull \hbox (57.6456pt too wide) in paragraph at lines 384--385
[]\OT1/cmr/bx/n/12 Sincronizaci^^Son efi-ciente: \OT1/cmr/m/n/12 Uti-liza un \OT1/cmtt/m/n/12 ReentrantLock \OT1/cmr/m/n/12 y una condici^^Son (\OT1/cmtt/m/n/12 transitionsEnabled\OT1/cmr/m/n/12 )
 []



[15]
Overfull \hbox (4.5199pt too wide) in paragraph at lines 414--415
[]\OT1/cmr/bx/n/12 Interfaz \OT1/cmtt/m/n/12 MonitorInterface\OT1/cmr/bx/n/12 : \OT1/cmr/m/n/12 De-fine el m^^Setodo \OT1/cmtt/m/n/12 fireTransition(int transition)
 []


Overfull \hbox (23.72444pt too wide) in paragraph at lines 415--416
\OT1/cmtt/m/n/12 Places places) \OT1/cmr/m/n/12 para de-cidir si una tran-sici^^Son puede dis-pararse, y \OT1/cmtt/m/n/12 updateCounters(int
 []



[16]
Overfull \hbox (88.22415pt too wide) in paragraph at lines 462--463
[]\OT1/cmr/bx/n/12 Inicializaci^^Son del pool: \OT1/cmr/m/n/12 Con-figura un pool de hi-los fijo me-di-ante \OT1/cmtt/m/n/12 Executors.newFixedThreadPool\OT1/cmr/m/n/12 ,
 []



[17]
Overfull \hbox (5.80356pt too wide) in paragraph at lines 481--482
\OT1/cmr/m/n/12 m^^Setodo pri-vado \OT1/cmtt/m/n/12 log \OT1/cmr/m/n/12 para for-matear y es-cribir la en-trada en el archivo \OT1/cmtt/m/n/12 petri[]net.log\OT1/cmr/m/n/12 . 
 []



[18]

[19]

[20]
<CASO_1.jpeg, id=398, 1445.4pt x 954.56625pt>
File: CASO_1.jpeg Graphic file (type jpg)
<use CASO_1.jpeg>
Package pdftex.def Info: CASO_1.jpeg  used on input line 543.
(pdftex.def)             Requested size: 317.07614pt x 209.39348pt.
<CASO_2.jpeg, id=399, 1445.4pt x 954.56625pt>
File: CASO_2.jpeg Graphic file (type jpg)
<use CASO_2.jpeg>
Package pdftex.def Info: CASO_2.jpeg  used on input line 553.
(pdftex.def)             Requested size: 317.07614pt x 209.39348pt.


[21 <./CASO_1.jpeg>]
<CASO_3.jpeg, id=405, 1445.4pt x 954.56625pt>
File: CASO_3.jpeg Graphic file (type jpg)
<use CASO_3.jpeg>
Package pdftex.def Info: CASO_3.jpeg  used on input line 563.
(pdftex.def)             Requested size: 317.07614pt x 209.39348pt.


[22 <./CASO_2.jpeg> <./CASO_3.jpeg>]
<CASO_4.jpeg, id=412, 1445.4pt x 954.56625pt>
File: CASO_4.jpeg Graphic file (type jpg)
<use CASO_4.jpeg>
Package pdftex.def Info: CASO_4.jpeg  used on input line 575.
(pdftex.def)             Requested size: 317.07614pt x 209.39348pt.
<CASO_5.jpeg, id=413, 1445.4pt x 954.56625pt>
File: CASO_5.jpeg Graphic file (type jpg)
<use CASO_5.jpeg>
Package pdftex.def Info: CASO_5.jpeg  used on input line 585.
(pdftex.def)             Requested size: 317.07614pt x 209.39348pt.


[23 <./CASO_4.jpeg>]
<CASO_6.jpeg, id=419, 1445.4pt x 954.56625pt>
File: CASO_6.jpeg Graphic file (type jpg)
<use CASO_6.jpeg>
Package pdftex.def Info: CASO_6.jpeg  used on input line 595.
(pdftex.def)             Requested size: 317.07614pt x 209.39348pt.


[24 <./CASO_5.jpeg> <./CASO_6.jpeg>]
<CASO_7.jpeg, id=427, 1445.4pt x 954.56625pt>
File: CASO_7.jpeg Graphic file (type jpg)
<use CASO_7.jpeg>
Package pdftex.def Info: CASO_7.jpeg  used on input line 605.
(pdftex.def)             Requested size: 317.07614pt x 209.39348pt.


[25 <./CASO_7.jpeg>]
Overfull \hbox (0.96062pt too wide) in paragraph at lines 619--620
[]\OT1/cmr/bx/n/12 Implementar una soluci^^Son en Java\OT1/cmr/m/n/12 , donde uti-lizamos \OT1/cmr/bx/n/12 mon-i-tores \OT1/cmr/m/n/12 para la gesti^^Son
 []



[26]

[27] (TrabajoFinal.aux)
 ***********
LaTeX2e <2024-11-01> patch level 2
L3 programming layer <2025-01-18>
 ***********
Package rerunfilecheck Info: File `TrabajoFinal.out' has not changed.
(rerunfilecheck)             Checksum: 84A96A08D1E8EA92956C03A25705E181;10372.
 ) 
Here is how much of TeX's memory you used:
 10704 strings out of 473529
 160884 string characters out of 5731608
 584867 words of memory out of 5000000
 33681 multiletter control sequences out of 15000+600000
 566269 words of font info for 62 fonts, out of 8000000 for 9000
 1141 hyphenation exceptions out of 8191
 75i,12n,79p,727b,531s stack positions out of 10000i,1000n,20000p,200000b,200000s
 <C:\Users\agutr\AppData\Local\MiKTeX\fonts/pk/ljfour/jknappen/ec/dpi600\tcrm1200.pk><D:/MIKTEX/fonts/type1/public/amsfonts/cm/cmbsy10.pfb><D:/MIKTEX/fonts/type1/public/amsfonts/cm/cmbx12.pfb><D:/MIKTEX/fonts/type1/public/amsfonts/cm/cmmi12.pfb><D:/MIKTEX/fonts/type1/public/amsfonts/cm/cmmi8.pfb><D:/MIKTEX/fonts/type1/public/amsfonts/cm/cmr12.pfb><D:/MIKTEX/fonts/type1/public/amsfonts/cm/cmr17.pfb><D:/MIKTEX/fonts/type1/public/amsfonts/cm/cmsy10.pfb><D:/MIKTEX/fonts/type1/public/amsfonts/cm/cmti12.pfb><D:/MIKTEX/fonts/type1/public/amsfonts/cm/cmtt12.pfb>
Output written on TrabajoFinal.pdf (28 pages, 1790223 bytes).
PDF statistics:
 510 PDF objects out of 1000 (max. 8388607)
 120 named destinations out of 1000 (max. 500000)
 466 words of extra memory for PDF output out of 10000 (max. 10000000)

