[2025-02-11 12:31:58] [main] [INFO] Starting Petri net simulation (3 segments, 2 threads).
[2025-02-11 12:31:58] [main] [INFO] Places object created.
[2025-02-11 12:31:58] [main] [INFO] Added place 1 with initial tokens: 4
[2025-02-11 12:31:58] [main] [INFO] Added place 2 with initial tokens: 0
[2025-02-11 12:31:58] [main] [INFO] Added place 3 with initial tokens: 0
[2025-02-11 12:31:58] [main] [INFO] Added place 4 with initial tokens: 0
[2025-02-11 12:31:58] [main] [INFO] Added place 5 with initial tokens: 0
[2025-02-11 12:31:58] [main] [INFO] Transition 1 created (non-temporal).
[2025-02-11 12:31:58] [main] [INFO] Transition 1 created (non-temporal).
[2025-02-11 12:31:58] [main] [INFO] Transition 2 created (non-temporal).
[2025-02-11 12:31:58] [main] [INFO] Transition 2 created (non-temporal).
[2025-02-11 12:31:58] [main] [INFO] Transition 3 created (non-temporal).
[2025-02-11 12:31:58] [main] [INFO] Transition 3 created (non-temporal).
[2025-02-11 12:31:58] [main] [INFO] Transition 4 created (non-temporal).
[2025-02-11 12:31:58] [main] [INFO] Transition 4 created (non-temporal).
[2025-02-11 12:31:58] [main] [INFO] Transition 5 created (non-temporal).
[2025-02-11 12:31:58] [main] [INFO] Transition 5 created (non-temporal).
[2025-02-11 12:31:58] [main] [INFO] Monitor created with policy: BalancedPolicy
[2025-02-11 12:31:58] [main] [INFO] Segment 1 initialized with 1 transitions.
[2025-02-11 12:31:58] [main] [INFO] Segment 2 initialized with 2 transitions.
[2025-02-11 12:31:58] [main] [INFO] Segment 3 initialized with 2 transitions.
[2025-02-11 12:31:58] [SchedulerThread] [INFO] Scheduler started.
[2025-02-11 12:31:58] [TestPoolThread-1] [INFO] Attempting to fire Transition 1
[2025-02-11 12:31:58] [SchedulerThread] [DEBUG] Scheduler awaiting signal on transitionsEnabled condition.
[2025-02-11 12:31:58] [TestPoolThread-1] [INFO] Transition 1 fired successfully.
[2025-02-11 12:31:58] [TestPoolThread-1] [INFO] Transition 1 fired successfully.
[2025-02-11 12:31:58] [TestPoolThread-2] [INFO] Attempting to fire Transition 2
[2025-02-11 12:31:58] [TestPoolThread-1] [INFO] Segment 1 fired transition: 1
[2025-02-11 12:31:58] [TestPoolThread-2] [INFO] Transition 2 fired successfully.
[2025-02-11 12:31:58] [TestPoolThread-2] [INFO] Transition 2 fired successfully.
[2025-02-11 12:31:58] [TestPoolThread-2] [INFO] Segment 2 fired transition: 2
[2025-02-11 12:31:58] [TestPoolThread-2] [INFO] Attempting to fire Transition 4
[2025-02-11 12:31:58] [SchedulerThread] [DEBUG] Scheduler awaiting signal on transitionsEnabled condition.
[2025-02-11 12:31:58] [TestPoolThread-2] [INFO] Transition 4 fired successfully.
[2025-02-11 12:31:58] [TestPoolThread-2] [INFO] Transition 4 fired successfully.
[2025-02-11 12:31:58] [TestPoolThread-2] [INFO] Segment 2 fired transition: 4
[2025-02-11 12:31:58] [SchedulerThread] [DEBUG] Scheduler awaiting signal on transitionsEnabled condition.
[2025-02-11 12:31:58] [TestPoolThread-1] [INFO] Attempting to fire Transition 1
[2025-02-11 12:31:58] [TestPoolThread-1] [INFO] Transition 1 fired successfully.
[2025-02-11 12:31:58] [TestPoolThread-1] [INFO] Transition 1 fired successfully.
[2025-02-11 12:31:58] [TestPoolThread-1] [INFO] Segment 1 fired transition: 1
[2025-02-11 12:31:58] [TestPoolThread-2] [DEBUG] Policy did not allow transition 2 to fire.
[2025-02-11 12:31:58] [TestPoolThread-2] [DEBUG] Policy did not allow transition 2 to fire.
[2025-02-11 12:31:58] [TestPoolThread-1] [INFO] Attempting to fire Transition 3
[2025-02-11 12:31:58] [SchedulerThread] [DEBUG] Scheduler awaiting signal on transitionsEnabled condition.
[2025-02-11 12:31:58] [TestPoolThread-1] [INFO] Transition 3 fired successfully.
[2025-02-11 12:31:58] [TestPoolThread-1] [INFO] Transition 3 fired successfully.
[2025-02-11 12:31:58] [TestPoolThread-1] [INFO] Segment 3 fired transition: 3
[2025-02-11 12:31:58] [TestPoolThread-2] [INFO] Attempting to fire Transition 1
[2025-02-11 12:31:58] [TestPoolThread-2] [INFO] Transition 1 fired successfully.
[2025-02-11 12:31:58] [TestPoolThread-2] [INFO] Transition 1 fired successfully.
[2025-02-11 12:31:58] [TestPoolThread-2] [INFO] Segment 1 fired transition: 1
[2025-02-11 12:31:58] [TestPoolThread-1] [INFO] Attempting to fire Transition 5
[2025-02-11 12:31:58] [TestPoolThread-1] [INFO] Transition 5 fired successfully.
[2025-02-11 12:31:58] [TestPoolThread-1] [INFO] Transition 5 fired successfully.
[2025-02-11 12:31:58] [TestPoolThread-1] [INFO] Segment 3 fired transition: 5
[2025-02-11 12:31:58] [TestPoolThread-2] [INFO] Attempting to fire Transition 1
[2025-02-11 12:31:58] [TestPoolThread-2] [INFO] Transition 1 fired successfully.
[2025-02-11 12:31:58] [TestPoolThread-2] [INFO] Transition 1 fired successfully.
[2025-02-11 12:31:58] [TestPoolThread-2] [INFO] Segment 1 fired transition: 1
[2025-02-11 12:31:58] [TestPoolThread-1] [INFO] Attempting to fire Transition 2
[2025-02-11 12:31:58] [TestPoolThread-1] [INFO] Transition 2 fired successfully.
[2025-02-11 12:31:58] [TestPoolThread-1] [INFO] Transition 2 fired successfully.
[2025-02-11 12:31:58] [TestPoolThread-1] [INFO] Segment 2 fired transition: 2
[2025-02-11 12:31:58] [TestPoolThread-1] [INFO] Attempting to fire Transition 4
[2025-02-11 12:31:58] [TestPoolThread-1] [INFO] Transition 4 fired successfully.
[2025-02-11 12:31:58] [TestPoolThread-1] [INFO] Transition 4 fired successfully.
[2025-02-11 12:31:58] [TestPoolThread-1] [INFO] Segment 2 fired transition: 4
[2025-02-11 12:31:58] [TestPoolThread-2] [DEBUG] Policy did not allow transition 2 to fire.
[2025-02-11 12:31:58] [TestPoolThread-1] [DEBUG] Policy did not allow transition 2 to fire.
[2025-02-11 12:31:58] [TestPoolThread-2] [DEBUG] Policy did not allow transition 2 to fire.
[2025-02-11 12:31:58] [SchedulerThread] [DEBUG] Scheduler awaiting signal on transitionsEnabled condition.
[2025-02-11 12:31:58] [TestPoolThread-2] [DEBUG] Policy did not allow transition 2 to fire.
[2025-02-11 12:31:58] [TestPoolThread-1] [INFO] Attempting to fire Transition 3
[2025-02-11 12:31:58] [TestPoolThread-1] [INFO] Transition 3 fired successfully.
[2025-02-11 12:31:58] [SchedulerThread] [DEBUG] Scheduler awaiting signal on transitionsEnabled condition.
[2025-02-11 12:31:58] [TestPoolThread-1] [INFO] Transition 3 fired successfully.
[2025-02-11 12:31:58] [TestPoolThread-1] [INFO] Segment 3 fired transition: 3
[2025-02-11 12:31:58] [TestPoolThread-2] [DEBUG] Transition 2 is not enabled.
[2025-02-11 12:31:58] [TestPoolThread-1] [INFO] Attempting to fire Transition 5
[2025-02-11 12:31:58] [TestPoolThread-1] [INFO] Transition 5 fired successfully.
[2025-02-11 12:31:58] [TestPoolThread-1] [INFO] Transition 5 fired successfully.
[2025-02-11 12:31:58] [TestPoolThread-1] [INFO] Segment 3 fired transition: 5
[2025-02-11 12:31:58] [SchedulerThread] [DEBUG] Scheduler awaiting signal on transitionsEnabled condition.
[2025-02-11 12:32:03] [SchedulerThread] [INFO] Scheduler stopped.
[2025-02-11 12:32:03] [main] [INFO] Petri net simulation ended.
